[2022-06-03 21:05:45] [ INFO ] [OdontologoDaoH2:26] Conexión a la base de datos realizada
[2022-06-03 21:05:45] [ INFO ] [OdontologoDaoH2:31] Consulta ejecutada, estos son todos los odontólogos registrados:
[2022-06-03 21:05:45] [ INFO ] [OdontologoDaoH2:62] Conexión a la base de datos realizada
[2022-06-03 21:05:45] [ INFO ] [OdontologoDaoH2:74] Odontologo de ID 3 agregado a la base de datos
[2022-06-03 21:05:45] [ INFO ] [OdontologoDaoH2:26] Conexión a la base de datos realizada
[2022-06-03 21:05:45] [ INFO ] [OdontologoDaoH2:31] Consulta ejecutada, estos son todos los odontólogos registrados:
[2022-06-03 21:09:12] [ INFO ] [BD:27] Conexión a la base de datos realizada
[2022-06-03 21:09:12] [ INFO ] [OdontologoDaoH2:62] Conexión a la base de datos realizada
[2022-06-03 21:09:12] [ INFO ] [OdontologoDaoH2:74] Odontologo de ID 1 agregado a la base de datos
[2022-06-03 21:09:12] [ INFO ] [OdontologoDaoH2:62] Conexión a la base de datos realizada
[2022-06-03 21:09:12] [ INFO ] [OdontologoDaoH2:74] Odontologo de ID 2 agregado a la base de datos
[2022-06-03 21:09:12] [ INFO ] [OdontologoDaoH2:26] Conexión a la base de datos realizada
[2022-06-03 21:09:12] [ INFO ] [OdontologoDaoH2:31] Consulta ejecutada, estos son todos los odontólogos registrados:
[2022-06-03 21:10:49] [ INFO ] [BD:27] Conexión a la base de datos realizada
[2022-06-03 21:10:49] [ INFO ] [OdontologoDaoH2:62] Conexión a la base de datos realizada
[2022-06-03 21:10:49] [ INFO ] [OdontologoDaoH2:74] Odontologo de ID 1 agregado a la base de datos
[2022-06-03 21:10:49] [ INFO ] [OdontologoDaoH2:62] Conexión a la base de datos realizada
[2022-06-03 21:10:49] [ INFO ] [OdontologoDaoH2:74] Odontologo de ID 2 agregado a la base de datos
[2022-06-03 21:10:49] [ INFO ] [OdontologoDaoH2:26] Conexión a la base de datos realizada
[2022-06-03 21:10:49] [ INFO ] [OdontologoDaoH2:31] Consulta ejecutada, estos son todos los odontólogos registrados:
[2022-06-03 21:11:22] [ INFO ] [BD:27] Conexión a la base de datos realizada
[2022-06-03 21:11:23] [ INFO ] [OdontologoDaoH2:62] Conexión a la base de datos realizada
[2022-06-03 21:11:23] [ INFO ] [OdontologoDaoH2:74] Odontologo de ID 1 agregado a la base de datos
[2022-06-03 21:11:23] [ INFO ] [OdontologoDaoH2:62] Conexión a la base de datos realizada
[2022-06-03 21:11:23] [ INFO ] [OdontologoDaoH2:74] Odontologo de ID 2 agregado a la base de datos
[2022-06-03 21:11:23] [ INFO ] [OdontologoDaoH2:26] Conexión a la base de datos realizada
[2022-06-03 21:11:23] [ INFO ] [OdontologoDaoH2:31] Consulta ejecutada, estos son todos los odontólogos registrados:
[2022-06-03 21:15:34] [ INFO ] [BD:27] Conexión a la base de datos realizada
[2022-06-03 21:15:34] [ INFO ] [OdontologoDaoH2:68] Conexión a la base de datos realizada
[2022-06-03 21:15:34] [ INFO ] [OdontologoDaoH2:80] Odontologo de ID 1 agregado a la base de datos
[2022-06-03 21:15:34] [ INFO ] [OdontologoDaoH2:68] Conexión a la base de datos realizada
[2022-06-03 21:15:34] [ INFO ] [OdontologoDaoH2:80] Odontologo de ID 2 agregado a la base de datos
[2022-06-03 21:15:34] [ INFO ] [OdontologoDaoH2:26] Conexión a la base de datos realizada
[2022-06-03 21:15:34] [ INFO ] [OdontologoDaoH2:31] Consulta ejecutada, estos son todos los odontólogos registrados:
[2022-06-03 21:15:49] [ INFO ] [BD:27] Conexión a la base de datos realizada
[2022-06-03 21:15:49] [ INFO ] [OdontologoDaoH2:68] Conexión a la base de datos realizada
[2022-06-03 21:15:49] [ INFO ] [OdontologoDaoH2:80] Odontologo de ID 1 agregado a la base de datos
[2022-06-03 21:15:49] [ INFO ] [OdontologoDaoH2:68] Conexión a la base de datos realizada
[2022-06-03 21:15:49] [ INFO ] [OdontologoDaoH2:80] Odontologo de ID 2 agregado a la base de datos
[2022-06-03 21:15:49] [ INFO ] [OdontologoDaoH2:26] Conexión a la base de datos realizada
[2022-06-03 21:15:49] [ INFO ] [OdontologoDaoH2:31] Consulta ejecutada, estos son todos los odontólogos registrados:
[2022-06-03 21:16:58] [ INFO ] [BD:27] Conexión a la base de datos realizada
[2022-06-03 21:16:58] [ INFO ] [OdontologoDaoH2:64] Conexión a la base de datos realizada
[2022-06-03 21:16:58] [ INFO ] [OdontologoDaoH2:76] Odontologo de ID 1 agregado a la base de datos
[2022-06-03 21:16:58] [ INFO ] [OdontologoDaoH2:64] Conexión a la base de datos realizada
[2022-06-03 21:16:58] [ INFO ] [OdontologoDaoH2:76] Odontologo de ID 2 agregado a la base de datos
[2022-06-03 21:16:58] [ INFO ] [OdontologoDaoH2:26] Conexión a la base de datos realizada
[2022-06-03 21:16:58] [ INFO ] [OdontologoDaoH2:31] Consulta ejecutada, estos son todos los odontólogos registrados:
[2022-06-03 21:17:09] [ INFO ] [OdontologoDaoH2:26] Conexión a la base de datos realizada
[2022-06-03 21:17:09] [ INFO ] [OdontologoDaoH2:31] Consulta ejecutada, estos son todos los odontólogos registrados:
[2022-06-03 21:17:09] [ INFO ] [OdontologoDaoH2:64] Conexión a la base de datos realizada
[2022-06-03 21:17:09] [ INFO ] [OdontologoDaoH2:76] Odontologo de ID 3 agregado a la base de datos
[2022-06-03 21:17:09] [ INFO ] [OdontologoDaoH2:26] Conexión a la base de datos realizada
[2022-06-03 21:17:09] [ INFO ] [OdontologoDaoH2:31] Consulta ejecutada, estos son todos los odontólogos registrados:
[2022-06-03 21:17:25] [ INFO ] [OdontologoDaoH2:26] Conexión a la base de datos realizada
[2022-06-03 21:17:25] [ INFO ] [OdontologoDaoH2:31] Consulta ejecutada, estos son todos los odontólogos registrados:
[2022-06-03 21:17:25] [ INFO ] [OdontologoDaoH2:64] Conexión a la base de datos realizada
[2022-06-03 21:17:25] [ ERROR] [OdontologoDaoH2:78] Error al hacer al guardar el odontologo de ID 3 :
org.h2.jdbc.JdbcSQLIntegrityConstraintViolationException: Violación de indice de Unicidad ó Clave primaria: "PRIMARY KEY ON PUBLIC.ODONTOLOGOS(ID) ( /* key:3 */ CAST(3 AS BIGINT), 'mt003', 'Andrea', 'Tito')"
Unique index or primary key violation: "PRIMARY KEY ON PUBLIC.ODONTOLOGOS(ID) ( /* key:3 */ CAST(3 AS BIGINT), 'mt003', 'Andrea', 'Tito')"; SQL statement:
INSERT INTO ODONTOLOGOS (id, matricula, nombre, apellido) VALUES (?,?,?,?) [23505-212]
	at org.h2.message.DbException.getJdbcSQLException(DbException.java:508)
	at org.h2.message.DbException.getJdbcSQLException(DbException.java:477)
	at org.h2.message.DbException.get(DbException.java:223)
	at org.h2.message.DbException.get(DbException.java:199)
	at org.h2.mvstore.db.MVPrimaryIndex.add(MVPrimaryIndex.java:120)
	at org.h2.mvstore.db.MVTable.addRow(MVTable.java:519)
	at org.h2.command.dml.Insert.insertRows(Insert.java:174)
	at org.h2.command.dml.Insert.update(Insert.java:135)
	at org.h2.command.dml.DataChangeStatement.update(DataChangeStatement.java:74)
	at org.h2.command.CommandContainer.update(CommandContainer.java:174)
	at org.h2.command.Command.executeUpdate(Command.java:252)
	at org.h2.jdbc.JdbcPreparedStatement.executeUpdateInternal(JdbcPreparedStatement.java:209)
	at org.h2.jdbc.JdbcPreparedStatement.executeUpdate(JdbcPreparedStatement.java:169)
	at dao.OdontologoDaoH2.guardar(OdontologoDaoH2.java:74)
	at dao.OdontologoDaoH2.guardar(OdontologoDaoH2.java:9)
	at service.OdontologoService.guardar(OdontologoService.java:17)
	at OdontologoServiceTest.guardar(OdontologoServiceTest.java:32)
	at java.base/jdk.internal.reflect.NativeMethodAccessorImpl.invoke0(Native Method)
	at java.base/jdk.internal.reflect.NativeMethodAccessorImpl.invoke(NativeMethodAccessorImpl.java:77)
	at java.base/jdk.internal.reflect.DelegatingMethodAccessorImpl.invoke(DelegatingMethodAccessorImpl.java:43)
	at java.base/java.lang.reflect.Method.invoke(Method.java:568)
	at org.junit.platform.commons.util.ReflectionUtils.invokeMethod(ReflectionUtils.java:688)
	at org.junit.jupiter.engine.execution.MethodInvocation.proceed(MethodInvocation.java:60)
	at org.junit.jupiter.engine.execution.InvocationInterceptorChain$ValidatingInvocation.proceed(InvocationInterceptorChain.java:131)
	at org.junit.jupiter.engine.extension.TimeoutExtension.intercept(TimeoutExtension.java:149)
	at org.junit.jupiter.engine.extension.TimeoutExtension.interceptTestableMethod(TimeoutExtension.java:140)
	at org.junit.jupiter.engine.extension.TimeoutExtension.interceptTestMethod(TimeoutExtension.java:84)
	at org.junit.jupiter.engine.execution.ExecutableInvoker$ReflectiveInterceptorCall.lambda$ofVoidMethod$0(ExecutableInvoker.java:115)
	at org.junit.jupiter.engine.execution.ExecutableInvoker.lambda$invoke$0(ExecutableInvoker.java:105)
	at org.junit.jupiter.engine.execution.InvocationInterceptorChain$InterceptedInvocation.proceed(InvocationInterceptorChain.java:106)
	at org.junit.jupiter.engine.execution.InvocationInterceptorChain.proceed(InvocationInterceptorChain.java:64)
	at org.junit.jupiter.engine.execution.InvocationInterceptorChain.chainAndInvoke(InvocationInterceptorChain.java:45)
	at org.junit.jupiter.engine.execution.InvocationInterceptorChain.invoke(InvocationInterceptorChain.java:37)
	at org.junit.jupiter.engine.execution.ExecutableInvoker.invoke(ExecutableInvoker.java:104)
	at org.junit.jupiter.engine.execution.ExecutableInvoker.invoke(ExecutableInvoker.java:98)
	at org.junit.jupiter.engine.descriptor.TestMethodTestDescriptor.lambda$invokeTestMethod$6(TestMethodTestDescriptor.java:210)
	at org.junit.platform.engine.support.hierarchical.ThrowableCollector.execute(ThrowableCollector.java:73)
	at org.junit.jupiter.engine.descriptor.TestMethodTestDescriptor.invokeTestMethod(TestMethodTestDescriptor.java:206)
	at org.junit.jupiter.engine.descriptor.TestMethodTestDescriptor.execute(TestMethodTestDescriptor.java:131)
	at org.junit.jupiter.engine.descriptor.TestMethodTestDescriptor.execute(TestMethodTestDescriptor.java:65)
	at org.junit.platform.engine.support.hierarchical.NodeTestTask.lambda$executeRecursively$5(NodeTestTask.java:139)
	at org.junit.platform.engine.support.hierarchical.ThrowableCollector.execute(ThrowableCollector.java:73)
	at org.junit.platform.engine.support.hierarchical.NodeTestTask.lambda$executeRecursively$7(NodeTestTask.java:129)
	at org.junit.platform.engine.support.hierarchical.Node.around(Node.java:137)
	at org.junit.platform.engine.support.hierarchical.NodeTestTask.lambda$executeRecursively$8(NodeTestTask.java:127)
	at org.junit.platform.engine.support.hierarchical.ThrowableCollector.execute(ThrowableCollector.java:73)
	at org.junit.platform.engine.support.hierarchical.NodeTestTask.executeRecursively(NodeTestTask.java:126)
	at org.junit.platform.engine.support.hierarchical.NodeTestTask.execute(NodeTestTask.java:84)
	at java.base/java.util.ArrayList.forEach(ArrayList.java:1511)
	at org.junit.platform.engine.support.hierarchical.SameThreadHierarchicalTestExecutorService.invokeAll(SameThreadHierarchicalTestExecutorService.java:38)
	at org.junit.platform.engine.support.hierarchical.NodeTestTask.lambda$executeRecursively$5(NodeTestTask.java:143)
	at org.junit.platform.engine.support.hierarchical.ThrowableCollector.execute(ThrowableCollector.java:73)
	at org.junit.platform.engine.support.hierarchical.NodeTestTask.lambda$executeRecursively$7(NodeTestTask.java:129)
	at org.junit.platform.engine.support.hierarchical.Node.around(Node.java:137)
	at org.junit.platform.engine.support.hierarchical.NodeTestTask.lambda$executeRecursively$8(NodeTestTask.java:127)
	at org.junit.platform.engine.support.hierarchical.ThrowableCollector.execute(ThrowableCollector.java:73)
	at org.junit.platform.engine.support.hierarchical.NodeTestTask.executeRecursively(NodeTestTask.java:126)
	at org.junit.platform.engine.support.hierarchical.NodeTestTask.execute(NodeTestTask.java:84)
	at java.base/java.util.ArrayList.forEach(ArrayList.java:1511)
	at org.junit.platform.engine.support.hierarchical.SameThreadHierarchicalTestExecutorService.invokeAll(SameThreadHierarchicalTestExecutorService.java:38)
	at org.junit.platform.engine.support.hierarchical.NodeTestTask.lambda$executeRecursively$5(NodeTestTask.java:143)
	at org.junit.platform.engine.support.hierarchical.ThrowableCollector.execute(ThrowableCollector.java:73)
	at org.junit.platform.engine.support.hierarchical.NodeTestTask.lambda$executeRecursively$7(NodeTestTask.java:129)
	at org.junit.platform.engine.support.hierarchical.Node.around(Node.java:137)
	at org.junit.platform.engine.support.hierarchical.NodeTestTask.lambda$executeRecursively$8(NodeTestTask.java:127)
	at org.junit.platform.engine.support.hierarchical.ThrowableCollector.execute(ThrowableCollector.java:73)
	at org.junit.platform.engine.support.hierarchical.NodeTestTask.executeRecursively(NodeTestTask.java:126)
	at org.junit.platform.engine.support.hierarchical.NodeTestTask.execute(NodeTestTask.java:84)
	at org.junit.platform.engine.support.hierarchical.SameThreadHierarchicalTestExecutorService.submit(SameThreadHierarchicalTestExecutorService.java:32)
	at org.junit.platform.engine.support.hierarchical.HierarchicalTestExecutor.execute(HierarchicalTestExecutor.java:57)
	at org.junit.platform.engine.support.hierarchical.HierarchicalTestEngine.execute(HierarchicalTestEngine.java:51)
	at org.junit.platform.launcher.core.EngineExecutionOrchestrator.execute(EngineExecutionOrchestrator.java:108)
	at org.junit.platform.launcher.core.EngineExecutionOrchestrator.execute(EngineExecutionOrchestrator.java:88)
	at org.junit.platform.launcher.core.EngineExecutionOrchestrator.lambda$execute$0(EngineExecutionOrchestrator.java:54)
	at org.junit.platform.launcher.core.EngineExecutionOrchestrator.withInterceptedStreams(EngineExecutionOrchestrator.java:67)
	at org.junit.platform.launcher.core.EngineExecutionOrchestrator.execute(EngineExecutionOrchestrator.java:52)
	at org.junit.platform.launcher.core.DefaultLauncher.execute(DefaultLauncher.java:96)
	at org.junit.platform.launcher.core.DefaultLauncher.execute(DefaultLauncher.java:75)
	at com.intellij.junit5.JUnit5IdeaTestRunner.startRunnerWithArgs(JUnit5IdeaTestRunner.java:71)
	at com.intellij.rt.junit.IdeaTestRunner$Repeater.startRunnerWithArgs(IdeaTestRunner.java:33)
	at com.intellij.rt.junit.JUnitStarter.prepareStreamsAndStart(JUnitStarter.java:235)
	at com.intellij.rt.junit.JUnitStarter.main(JUnitStarter.java:54)
[2022-06-03 21:17:25] [ INFO ] [OdontologoDaoH2:26] Conexión a la base de datos realizada
[2022-06-03 21:17:25] [ INFO ] [OdontologoDaoH2:31] Consulta ejecutada, estos son todos los odontólogos registrados:
[2022-06-03 21:17:54] [ INFO ] [OdontologoDaoH2:26] Conexión a la base de datos realizada
[2022-06-03 21:17:54] [ INFO ] [OdontologoDaoH2:31] Consulta ejecutada, estos son todos los odontólogos registrados:
[2022-06-03 21:17:54] [ INFO ] [OdontologoDaoH2:64] Conexión a la base de datos realizada
[2022-06-03 21:17:54] [ ERROR] [OdontologoDaoH2:78] Error al hacer al guardar el odontologo de ID 3 :
org.h2.jdbc.JdbcSQLIntegrityConstraintViolationException: Violación de indice de Unicidad ó Clave primaria: "PRIMARY KEY ON PUBLIC.ODONTOLOGOS(ID) ( /* key:3 */ CAST(3 AS BIGINT), 'mt003', 'Andrea', 'Tito')"
Unique index or primary key violation: "PRIMARY KEY ON PUBLIC.ODONTOLOGOS(ID) ( /* key:3 */ CAST(3 AS BIGINT), 'mt003', 'Andrea', 'Tito')"; SQL statement:
INSERT INTO ODONTOLOGOS (id, matricula, nombre, apellido) VALUES (?,?,?,?) [23505-212]
	at org.h2.message.DbException.getJdbcSQLException(DbException.java:508)
	at org.h2.message.DbException.getJdbcSQLException(DbException.java:477)
	at org.h2.message.DbException.get(DbException.java:223)
	at org.h2.message.DbException.get(DbException.java:199)
	at org.h2.mvstore.db.MVPrimaryIndex.add(MVPrimaryIndex.java:120)
	at org.h2.mvstore.db.MVTable.addRow(MVTable.java:519)
	at org.h2.command.dml.Insert.insertRows(Insert.java:174)
	at org.h2.command.dml.Insert.update(Insert.java:135)
	at org.h2.command.dml.DataChangeStatement.update(DataChangeStatement.java:74)
	at org.h2.command.CommandContainer.update(CommandContainer.java:174)
	at org.h2.command.Command.executeUpdate(Command.java:252)
	at org.h2.jdbc.JdbcPreparedStatement.executeUpdateInternal(JdbcPreparedStatement.java:209)
	at org.h2.jdbc.JdbcPreparedStatement.executeUpdate(JdbcPreparedStatement.java:169)
	at dao.OdontologoDaoH2.guardar(OdontologoDaoH2.java:74)
	at dao.OdontologoDaoH2.guardar(OdontologoDaoH2.java:9)
	at service.OdontologoService.guardar(OdontologoService.java:17)
	at OdontologoServiceTest.guardar(OdontologoServiceTest.java:32)
	at java.base/jdk.internal.reflect.NativeMethodAccessorImpl.invoke0(Native Method)
	at java.base/jdk.internal.reflect.NativeMethodAccessorImpl.invoke(NativeMethodAccessorImpl.java:77)
	at java.base/jdk.internal.reflect.DelegatingMethodAccessorImpl.invoke(DelegatingMethodAccessorImpl.java:43)
	at java.base/java.lang.reflect.Method.invoke(Method.java:568)
	at org.junit.platform.commons.util.ReflectionUtils.invokeMethod(ReflectionUtils.java:688)
	at org.junit.jupiter.engine.execution.MethodInvocation.proceed(MethodInvocation.java:60)
	at org.junit.jupiter.engine.execution.InvocationInterceptorChain$ValidatingInvocation.proceed(InvocationInterceptorChain.java:131)
	at org.junit.jupiter.engine.extension.TimeoutExtension.intercept(TimeoutExtension.java:149)
	at org.junit.jupiter.engine.extension.TimeoutExtension.interceptTestableMethod(TimeoutExtension.java:140)
	at org.junit.jupiter.engine.extension.TimeoutExtension.interceptTestMethod(TimeoutExtension.java:84)
	at org.junit.jupiter.engine.execution.ExecutableInvoker$ReflectiveInterceptorCall.lambda$ofVoidMethod$0(ExecutableInvoker.java:115)
	at org.junit.jupiter.engine.execution.ExecutableInvoker.lambda$invoke$0(ExecutableInvoker.java:105)
	at org.junit.jupiter.engine.execution.InvocationInterceptorChain$InterceptedInvocation.proceed(InvocationInterceptorChain.java:106)
	at org.junit.jupiter.engine.execution.InvocationInterceptorChain.proceed(InvocationInterceptorChain.java:64)
	at org.junit.jupiter.engine.execution.InvocationInterceptorChain.chainAndInvoke(InvocationInterceptorChain.java:45)
	at org.junit.jupiter.engine.execution.InvocationInterceptorChain.invoke(InvocationInterceptorChain.java:37)
	at org.junit.jupiter.engine.execution.ExecutableInvoker.invoke(ExecutableInvoker.java:104)
	at org.junit.jupiter.engine.execution.ExecutableInvoker.invoke(ExecutableInvoker.java:98)
	at org.junit.jupiter.engine.descriptor.TestMethodTestDescriptor.lambda$invokeTestMethod$6(TestMethodTestDescriptor.java:210)
	at org.junit.platform.engine.support.hierarchical.ThrowableCollector.execute(ThrowableCollector.java:73)
	at org.junit.jupiter.engine.descriptor.TestMethodTestDescriptor.invokeTestMethod(TestMethodTestDescriptor.java:206)
	at org.junit.jupiter.engine.descriptor.TestMethodTestDescriptor.execute(TestMethodTestDescriptor.java:131)
	at org.junit.jupiter.engine.descriptor.TestMethodTestDescriptor.execute(TestMethodTestDescriptor.java:65)
	at org.junit.platform.engine.support.hierarchical.NodeTestTask.lambda$executeRecursively$5(NodeTestTask.java:139)
	at org.junit.platform.engine.support.hierarchical.ThrowableCollector.execute(ThrowableCollector.java:73)
	at org.junit.platform.engine.support.hierarchical.NodeTestTask.lambda$executeRecursively$7(NodeTestTask.java:129)
	at org.junit.platform.engine.support.hierarchical.Node.around(Node.java:137)
	at org.junit.platform.engine.support.hierarchical.NodeTestTask.lambda$executeRecursively$8(NodeTestTask.java:127)
	at org.junit.platform.engine.support.hierarchical.ThrowableCollector.execute(ThrowableCollector.java:73)
	at org.junit.platform.engine.support.hierarchical.NodeTestTask.executeRecursively(NodeTestTask.java:126)
	at org.junit.platform.engine.support.hierarchical.NodeTestTask.execute(NodeTestTask.java:84)
	at java.base/java.util.ArrayList.forEach(ArrayList.java:1511)
	at org.junit.platform.engine.support.hierarchical.SameThreadHierarchicalTestExecutorService.invokeAll(SameThreadHierarchicalTestExecutorService.java:38)
	at org.junit.platform.engine.support.hierarchical.NodeTestTask.lambda$executeRecursively$5(NodeTestTask.java:143)
	at org.junit.platform.engine.support.hierarchical.ThrowableCollector.execute(ThrowableCollector.java:73)
	at org.junit.platform.engine.support.hierarchical.NodeTestTask.lambda$executeRecursively$7(NodeTestTask.java:129)
	at org.junit.platform.engine.support.hierarchical.Node.around(Node.java:137)
	at org.junit.platform.engine.support.hierarchical.NodeTestTask.lambda$executeRecursively$8(NodeTestTask.java:127)
	at org.junit.platform.engine.support.hierarchical.ThrowableCollector.execute(ThrowableCollector.java:73)
	at org.junit.platform.engine.support.hierarchical.NodeTestTask.executeRecursively(NodeTestTask.java:126)
	at org.junit.platform.engine.support.hierarchical.NodeTestTask.execute(NodeTestTask.java:84)
	at java.base/java.util.ArrayList.forEach(ArrayList.java:1511)
	at org.junit.platform.engine.support.hierarchical.SameThreadHierarchicalTestExecutorService.invokeAll(SameThreadHierarchicalTestExecutorService.java:38)
	at org.junit.platform.engine.support.hierarchical.NodeTestTask.lambda$executeRecursively$5(NodeTestTask.java:143)
	at org.junit.platform.engine.support.hierarchical.ThrowableCollector.execute(ThrowableCollector.java:73)
	at org.junit.platform.engine.support.hierarchical.NodeTestTask.lambda$executeRecursively$7(NodeTestTask.java:129)
	at org.junit.platform.engine.support.hierarchical.Node.around(Node.java:137)
	at org.junit.platform.engine.support.hierarchical.NodeTestTask.lambda$executeRecursively$8(NodeTestTask.java:127)
	at org.junit.platform.engine.support.hierarchical.ThrowableCollector.execute(ThrowableCollector.java:73)
	at org.junit.platform.engine.support.hierarchical.NodeTestTask.executeRecursively(NodeTestTask.java:126)
	at org.junit.platform.engine.support.hierarchical.NodeTestTask.execute(NodeTestTask.java:84)
	at org.junit.platform.engine.support.hierarchical.SameThreadHierarchicalTestExecutorService.submit(SameThreadHierarchicalTestExecutorService.java:32)
	at org.junit.platform.engine.support.hierarchical.HierarchicalTestExecutor.execute(HierarchicalTestExecutor.java:57)
	at org.junit.platform.engine.support.hierarchical.HierarchicalTestEngine.execute(HierarchicalTestEngine.java:51)
	at org.junit.platform.launcher.core.EngineExecutionOrchestrator.execute(EngineExecutionOrchestrator.java:108)
	at org.junit.platform.launcher.core.EngineExecutionOrchestrator.execute(EngineExecutionOrchestrator.java:88)
	at org.junit.platform.launcher.core.EngineExecutionOrchestrator.lambda$execute$0(EngineExecutionOrchestrator.java:54)
	at org.junit.platform.launcher.core.EngineExecutionOrchestrator.withInterceptedStreams(EngineExecutionOrchestrator.java:67)
	at org.junit.platform.launcher.core.EngineExecutionOrchestrator.execute(EngineExecutionOrchestrator.java:52)
	at org.junit.platform.launcher.core.DefaultLauncher.execute(DefaultLauncher.java:96)
	at org.junit.platform.launcher.core.DefaultLauncher.execute(DefaultLauncher.java:75)
	at com.intellij.junit5.JUnit5IdeaTestRunner.startRunnerWithArgs(JUnit5IdeaTestRunner.java:71)
	at com.intellij.rt.junit.IdeaTestRunner$Repeater.startRunnerWithArgs(IdeaTestRunner.java:33)
	at com.intellij.rt.junit.JUnitStarter.prepareStreamsAndStart(JUnitStarter.java:235)
	at com.intellij.rt.junit.JUnitStarter.main(JUnitStarter.java:54)
[2022-06-03 21:17:54] [ INFO ] [OdontologoDaoH2:26] Conexión a la base de datos realizada
[2022-06-03 21:17:54] [ INFO ] [OdontologoDaoH2:31] Consulta ejecutada, estos son todos los odontólogos registrados:
